<?xml version="1.0" encoding="UTF-8"?>
<!-- Generated by org.testng.reporters.JUnitXMLReporter -->
<testsuite ignored="0" hostname="DESKTOP-98O5IH4" failures="1" tests="1" name="EdgeTest" time="39.321" errors="0" timestamp="2024-12-09T19:58:18 IST">
  <testcase classname="testNG_basics.CrosBrowserExample" name="verifySuccessfulLogin" time="3.688">
    <failure type="java.lang.AssertionError" message="Not Successfull expected [DashBoard] but found [Dashboard]">
      <![CDATA[java.lang.AssertionError: Not Successfull expected [DashBoard] but found [Dashboard]
at testNG_basics.CrosBrowserExample.verifySuccessfulLogin(CrosBrowserExample.java:43)
at java.base/java.util.ArrayList.forEach(ArrayList.java:1597)
at java.base/java.util.concurrent.FutureTask.run(FutureTask.java:317)
at java.base/java.util.concurrent.ThreadPoolExecutor.runWorker(ThreadPoolExecutor.java:1144)
at java.base/java.util.concurrent.ThreadPoolExecutor$Worker.run(ThreadPoolExecutor.java:642)
at java.base/java.lang.Thread.run(Thread.java:1570)
... Removed 20 stack frames]]>
    </failure>
  </testcase> <!-- verifySuccessfulLogin -->
</testsuite> <!-- EdgeTest -->
